#
# There is insufficient memory for the Java Runtime Environment to continue.
# Native memory allocation (malloc) failed to allocate 131536 bytes. Error detail: Chunk::new
# Possible reasons:
#   The system is out of physical RAM or swap space
#   This process is running with CompressedOops enabled, and the Java Heap may be blocking the growth of the native heap
# Possible solutions:
#   Reduce memory load on the system
#   Increase physical memory or swap space
#   Check if swap backing store is full
#   Decrease Java heap size (-Xmx/-Xms)
#   Decrease number of Java threads
#   Decrease Java thread stack sizes (-Xss)
#   Set larger code cache with -XX:ReservedCodeCacheSize=
#   JVM is running with Zero Based Compressed Oops mode in which the Java heap is
#     placed in the first 32GB address space. The Java Heap base address is the
#     maximum limit for the native heap growth. Please use -XX:HeapBaseMinAddress
#     to set the Java Heap base and to place the Java Heap above 32GB virtual address.
# This output file may be truncated or incomplete.
#
#  Out of Memory Error (arena.cpp:168), pid=5592, tid=9800
#
# JRE version: OpenJDK Runtime Environment (21.0.6) (build 21.0.6+-13391695-b895.109)
# Java VM: OpenJDK 64-Bit Server VM (21.0.6+-13391695-b895.109, mixed mode, tiered, compressed oops, compressed class ptrs, g1 gc, windows-amd64)
# No core dump will be written. Minidumps are not enabled by default on client versions of Windows
#

---------------  S U M M A R Y ------------

Command Line: org.jetbrains.kotlin.cli.jvm.K2JVMCompiler @D:\Android Projects\NoxNews\app\build\20251009_10900321446350200839.compiler.options

Host: AMD Ryzen 5 4600H with Radeon Graphics         , 12 cores, 15G,  Windows 11 , 64 bit Build 26100 (10.0.26100.5074)
Time: Thu Oct  9 03:24:12 2025 Egypt Daylight Time elapsed time: 8.513910 seconds (0d 0h 0m 8s)

---------------  T H R E A D  ---------------

Current thread (0x00000206a7084060):  JavaThread "C2 CompilerThread0" daemon [_thread_in_native, id=9800, stack(0x000000c2a1f00000,0x000000c2a2000000) (1024K)]


Current CompileTask:
C2:8513 8234       4       org.jetbrains.kotlin.ir.util.TransformKt::transformIfNeeded (137 bytes)

Stack: [0x000000c2a1f00000,0x000000c2a2000000]
Native frames: (J=compiled Java code, j=interpreted, Vv=VM code, C=native code)
V  [jvm.dll+0x6d0639]
V  [jvm.dll+0x85eb03]
V  [jvm.dll+0x86105e]
V  [jvm.dll+0x861743]
V  [jvm.dll+0x27e6e6]
V  [jvm.dll+0xbff6d]
V  [jvm.dll+0xc04a3]
V  [jvm.dll+0x2f2780]
V  [jvm.dll+0x5fa409]
V  [jvm.dll+0x250d92]
V  [jvm.dll+0x25114f]
V  [jvm.dll+0x2498f5]
V  [jvm.dll+0x24714e]
V  [jvm.dll+0x1c5f04]
V  [jvm.dll+0x2569ac]
V  [jvm.dll+0x254ef6]
V  [jvm.dll+0x3f0e96]
V  [jvm.dll+0x806ed8]
V  [jvm.dll+0x6cef0d]
C  [ucrtbase.dll+0x37b0]
C  [KERNEL32.DLL+0x2e8d7]
C  [ntdll.dll+0x8d9c]


---------------  P R O C E S S  ---------------

Threads class SMR info:
_java_thread_list=0x00000206a7a322f0, length=12, elements={
0x0000020686780280, 0x00000206a70729e0, 0x00000206a7073fa0, 0x00000206a7076d90,
0x00000206a70777e0, 0x00000206a70814f0, 0x00000206a70826c0, 0x00000206a7084060,
0x00000206a7086b00, 0x00000206a7238930, 0x00000206a7238fc0, 0x00000206a72c86b0
}

Java Threads: ( => current thread )
  0x0000020686780280 JavaThread "main"                              [_thread_in_vm, id=18868, stack(0x000000c2a1100000,0x000000c2a1200000) (1024K)]
  0x00000206a70729e0 JavaThread "Reference Handler"          daemon [_thread_blocked, id=17004, stack(0x000000c2a1900000,0x000000c2a1a00000) (1024K)]
  0x00000206a7073fa0 JavaThread "Finalizer"                  daemon [_thread_blocked, id=24092, stack(0x000000c2a1a00000,0x000000c2a1b00000) (1024K)]
  0x00000206a7076d90 JavaThread "Signal Dispatcher"          daemon [_thread_blocked, id=27608, stack(0x000000c2a1b00000,0x000000c2a1c00000) (1024K)]
  0x00000206a70777e0 JavaThread "Attach Listener"            daemon [_thread_blocked, id=22708, stack(0x000000c2a1c00000,0x000000c2a1d00000) (1024K)]
  0x00000206a70814f0 JavaThread "Service Thread"             daemon [_thread_blocked, id=30056, stack(0x000000c2a1d00000,0x000000c2a1e00000) (1024K)]
  0x00000206a70826c0 JavaThread "Monitor Deflation Thread"   daemon [_thread_blocked, id=5276, stack(0x000000c2a1e00000,0x000000c2a1f00000) (1024K)]
=>0x00000206a7084060 JavaThread "C2 CompilerThread0"         daemon [_thread_in_native, id=9800, stack(0x000000c2a1f00000,0x000000c2a2000000) (1024K)]
  0x00000206a7086b00 JavaThread "C1 CompilerThread0"         daemon [_thread_blocked, id=18516, stack(0x000000c2a2000000,0x000000c2a2100000) (1024K)]
  0x00000206a7238930 JavaThread "Notification Thread"        daemon [_thread_blocked, id=13964, stack(0x000000c2a2100000,0x000000c2a2200000) (1024K)]
  0x00000206a7238fc0 JavaThread "Common-Cleaner"             daemon [_thread_blocked, id=28824, stack(0x000000c2a2200000,0x000000c2a2300000) (1024K)]
  0x00000206a72c86b0 JavaThread "C2 CompilerThread1"         daemon [_thread_in_native, id=27036, stack(0x000000c2a2300000,0x000000c2a2400000) (1024K)]
Total: 12

Other Threads:
  0x00000206a701a200 VMThread "VM Thread"                           [id=9620, stack(0x000000c2a1800000,0x000000c2a1900000) (1024K)]
  0x00000206a2c168c0 WatcherThread "VM Periodic Task Thread"        [id=29628, stack(0x000000c2a1700000,0x000000c2a1800000) (1024K)]
  0x0000020688cca680 WorkerThread "GC Thread#0"                     [id=24832, stack(0x000000c2a1200000,0x000000c2a1300000) (1024K)]
  0x00000206a7a331d0 WorkerThread "GC Thread#1"                     [id=30072, stack(0x000000c2a2500000,0x000000c2a2600000) (1024K)]
  0x00000206a7a15c20 WorkerThread "GC Thread#2"                     [id=20300, stack(0x000000c2a2600000,0x000000c2a2700000) (1024K)]
  0x00000206a7a15fc0 WorkerThread "GC Thread#3"                     [id=17524, stack(0x000000c2a2700000,0x000000c2a2800000) (1024K)]
  0x00000206a7a323b0 WorkerThread "GC Thread#4"                     [id=22820, stack(0x000000c2a2800000,0x000000c2a2900000) (1024K)]
  0x00000206a7a1db80 WorkerThread "GC Thread#5"                     [id=10576, stack(0x000000c2a2900000,0x000000c2a2a00000) (1024K)]
  0x00000206a7b65a70 WorkerThread "GC Thread#6"                     [id=30580, stack(0x000000c2a2a00000,0x000000c2a2b00000) (1024K)]
  0x00000206a7b66550 WorkerThread "GC Thread#7"                     [id=11208, stack(0x000000c2a2b00000,0x000000c2a2c00000) (1024K)]
  0x00000206a88d1760 WorkerThread "GC Thread#8"                     [id=20532, stack(0x000000c2a2e00000,0x000000c2a2f00000) (1024K)]
  0x00000206a88d0c80 WorkerThread "GC Thread#9"                     [id=4828, stack(0x000000c2a2f00000,0x000000c2a3000000) (1024K)]
  0x0000020688cdb470 ConcurrentGCThread "G1 Main Marker"            [id=20696, stack(0x000000c2a1300000,0x000000c2a1400000) (1024K)]
  0x0000020688cdcdb0 WorkerThread "G1 Conc#0"                       [id=24764, stack(0x000000c2a1400000,0x000000c2a1500000) (1024K)]
  0x00000206a7b668f0 WorkerThread "G1 Conc#1"                       [id=2308, stack(0x000000c2a2c00000,0x000000c2a2d00000) (1024K)]
  0x00000206a7b66c90 WorkerThread "G1 Conc#2"                       [id=7960, stack(0x000000c2a2d00000,0x000000c2a2e00000) (1024K)]
  0x00000206a2aeae10 ConcurrentGCThread "G1 Refine#0"               [id=19548, stack(0x000000c2a1500000,0x000000c2a1600000) (1024K)]
  0x00000206a2aec730 ConcurrentGCThread "G1 Service"                [id=28460, stack(0x000000c2a1600000,0x000000c2a1700000) (1024K)]
Total: 18

Threads with active compile tasks:
C2 CompilerThread0  8527 8234       4       org.jetbrains.kotlin.ir.util.TransformKt::transformIfNeeded (137 bytes)
C2 CompilerThread1  8527 8147       4       org.jetbrains.kotlin.fir.declarations.DeprecationUtilsKt::extractDeprecationAnnotationInfoPerUseSite (1240 bytes)
Total: 2

VM state: not at safepoint (normal execution)

VM Mutex/Monitor currently owned by a thread:  ([mutex/lock_event])
[0x00007ff856aac1a0] Metaspace_lock - owner thread: 0x0000020686780280

Heap address: 0x000000070a000000, size: 3936 MB, Compressed Oops mode: Zero based, Oop shift amount: 3

CDS archive(s) not mapped
Compressed class space mapped at: 0x0000000800000000-0x0000000840000000, reserved size: 1073741824
Narrow klass base: 0x0000000800000000, Narrow klass shift: 0, Narrow klass range: 0x40000000

GC Precious Log:
 CardTable entry size: 512
 Card Set container configuration: InlinePtr #cards 4 size 8 Array Of Cards #cards 16 size 48 Howl #buckets 8 coarsen threshold 3686 Howl Bitmap #cards 512 size 80 coarsen threshold 460 Card regions per heap region 1 cards per card region 4096
 CPUs: 12 total, 12 available
 Memory: 15741M
 Large Page Support: Disabled
 NUMA Support: Disabled
 Compressed Oops: Enabled (Zero based)
 Heap Region Size: 2M
 Heap Min Capacity: 8M
 Heap Initial Capacity: 246M
 Heap Max Capacity: 3936M
 Pre-touch: Disabled
 Parallel Workers: 10
 Concurrent Workers: 3
 Concurrent Refinement Workers: 10
 Periodic GC: Disabled

Heap:
 garbage-first heap   total 180224K, used 102400K [0x000000070a000000, 0x0000000800000000)
  region size 2048K, 17 young (34816K), 4 survivors (8192K)
 Metaspace       used 76738K, committed 77056K, reserved 1179648K
  class space    used 8499K, committed 8640K, reserved 1048576K

Heap Regions: E=young(eden), S=young(survivor), O=old, HS=humongous(starts), HC=humongous(continues), CS=collection set, F=free, TAMS=top-at-mark-start, PB=parsable bottom
|   0|0x000000070a000000, 0x000000070a200000, 0x000000070a200000|100%|HS|  |TAMS 0x000000070a000000| PB 0x000000070a000000| Complete 
|   1|0x000000070a200000, 0x000000070a400000, 0x000000070a400000|100%|HC|  |TAMS 0x000000070a200000| PB 0x000000070a200000| Complete 
|   2|0x000000070a400000, 0x000000070a600000, 0x000000070a600000|100%| O|  |TAMS 0x000000070a400000| PB 0x000000070a400000| Untracked 
|   3|0x000000070a600000, 0x000000070a800000, 0x000000070a800000|100%| O|  |TAMS 0x000000070a600000| PB 0x000000070a600000| Untracked 
|   4|0x000000070a800000, 0x000000070aa00000, 0x000000070aa00000|100%| O|  |TAMS 0x000000070a800000| PB 0x000000070a800000| Untracked 
|   5|0x000000070aa00000, 0x000000070ac00000, 0x000000070ac00000|100%| O|  |TAMS 0x000000070aa00000| PB 0x000000070aa00000| Untracked 
|   6|0x000000070ac00000, 0x000000070ae00000, 0x000000070ae00000|100%| O|  |TAMS 0x000000070ac00000| PB 0x000000070ac00000| Untracked 
|   7|0x000000070ae00000, 0x000000070b000000, 0x000000070b000000|100%| O|  |TAMS 0x000000070ae00000| PB 0x000000070ae00000| Untracked 
|   8|0x000000070b000000, 0x000000070b200000, 0x000000070b200000|100%| O|  |TAMS 0x000000070b000000| PB 0x000000070b000000| Untracked 
|   9|0x000000070b200000, 0x000000070b400000, 0x000000070b400000|100%| O|  |TAMS 0x000000070b200000| PB 0x000000070b200000| Untracked 
|  10|0x000000070b400000, 0x000000070b600000, 0x000000070b600000|100%| O|  |TAMS 0x000000070b400000| PB 0x000000070b400000| Untracked 
|  11|0x000000070b600000, 0x000000070b800000, 0x000000070b800000|100%| O|  |TAMS 0x000000070b600000| PB 0x000000070b600000| Untracked 
|  12|0x000000070b800000, 0x000000070ba00000, 0x000000070ba00000|100%| O|  |TAMS 0x000000070b800000| PB 0x000000070b800000| Untracked 
|  13|0x000000070ba00000, 0x000000070bc00000, 0x000000070bc00000|100%| O|  |TAMS 0x000000070ba00000| PB 0x000000070ba00000| Untracked 
|  14|0x000000070bc00000, 0x000000070be00000, 0x000000070be00000|100%| O|  |TAMS 0x000000070bc00000| PB 0x000000070bc00000| Untracked 
|  15|0x000000070be00000, 0x000000070c000000, 0x000000070c000000|100%| O|  |TAMS 0x000000070be00000| PB 0x000000070be00000| Untracked 
|  16|0x000000070c000000, 0x000000070c200000, 0x000000070c200000|100%| O|  |TAMS 0x000000070c000000| PB 0x000000070c000000| Untracked 
|  17|0x000000070c200000, 0x000000070c400000, 0x000000070c400000|100%| O|  |TAMS 0x000000070c200000| PB 0x000000070c200000| Untracked 
|  18|0x000000070c400000, 0x000000070c600000, 0x000000070c600000|100%| O|  |TAMS 0x000000070c400000| PB 0x000000070c400000| Untracked 
|  19|0x000000070c600000, 0x000000070c800000, 0x000000070c800000|100%| O|  |TAMS 0x000000070c600000| PB 0x000000070c600000| Untracked 
|  20|0x000000070c800000, 0x000000070ca00000, 0x000000070ca00000|100%| O|  |TAMS 0x000000070c800000| PB 0x000000070c800000| Untracked 
|  21|0x000000070ca00000, 0x000000070cc00000, 0x000000070cc00000|100%| O|  |TAMS 0x000000070ca00000| PB 0x000000070ca00000| Untracked 
|  22|0x000000070cc00000, 0x000000070ce00000, 0x000000070ce00000|100%| O|  |TAMS 0x000000070cc00000| PB 0x000000070cc00000| Untracked 
|  23|0x000000070ce00000, 0x000000070d000000, 0x000000070d000000|100%| O|  |TAMS 0x000000070ce00000| PB 0x000000070ce00000| Untracked 
|  24|0x000000070d000000, 0x000000070d200000, 0x000000070d200000|100%| O|  |TAMS 0x000000070d000000| PB 0x000000070d000000| Untracked 
|  25|0x000000070d200000, 0x000000070d400000, 0x000000070d400000|100%| O|  |TAMS 0x000000070d200000| PB 0x000000070d200000| Untracked 
|  26|0x000000070d400000, 0x000000070d600000, 0x000000070d600000|100%| O|  |TAMS 0x000000070d400000| PB 0x000000070d400000| Untracked 
|  27|0x000000070d600000, 0x000000070d800000, 0x000000070d800000|100%| O|  |TAMS 0x000000070d600000| PB 0x000000070d600000| Untracked 
|  28|0x000000070d800000, 0x000000070da00000, 0x000000070da00000|100%| O|  |TAMS 0x000000070d800000| PB 0x000000070d800000| Untracked 
|  29|0x000000070da00000, 0x000000070dc00000, 0x000000070dc00000|100%| O|  |TAMS 0x000000070da00000| PB 0x000000070da00000| Untracked 
|  30|0x000000070dc00000, 0x000000070de00000, 0x000000070de00000|100%| O|  |TAMS 0x000000070dc00000| PB 0x000000070dc00000| Untracked 
|  31|0x000000070de00000, 0x000000070e000000, 0x000000070e000000|100%| O|  |TAMS 0x000000070de00000| PB 0x000000070de00000| Untracked 
|  32|0x000000070e000000, 0x000000070e200000, 0x000000070e200000|100%| O|  |TAMS 0x000000070e000000| PB 0x000000070e000000| Untracked 
|  33|0x000000070e200000, 0x000000070e400000, 0x000000070e400000|100%| O|  |TAMS 0x000000070e200000| PB 0x000000070e200000| Untracked 
|  34|0x000000070e400000, 0x000000070e400000, 0x000000070e600000|  0%| F|  |TAMS 0x000000070e400000| PB 0x000000070e400000| Untracked 
|  35|0x000000070e600000, 0x000000070e600000, 0x000000070e800000|  0%| F|  |TAMS 0x000000070e600000| PB 0x000000070e600000| Untracked 
|  36|0x000000070e800000, 0x000000070e800000, 0x000000070ea00000|  0%| F|  |TAMS 0x000000070e800000| PB 0x000000070e800000| Untracked 
|  37|0x000000070ea00000, 0x000000070ea00000, 0x000000070ec00000|  0%| F|  |TAMS 0x000000070ea00000| PB 0x000000070ea00000| Untracked 
|  38|0x000000070ec00000, 0x000000070ec00000, 0x000000070ee00000|  0%| F|  |TAMS 0x000000070ec00000| PB 0x000000070ec00000| Untracked 
|  39|0x000000070ee00000, 0x000000070f000000, 0x000000070f000000|100%| S|CS|TAMS 0x000000070ee00000| PB 0x000000070ee00000| Complete 
|  40|0x000000070f000000, 0x000000070f200000, 0x000000070f200000|100%| S|CS|TAMS 0x000000070f000000| PB 0x000000070f000000| Complete 
|  41|0x000000070f200000, 0x000000070f400000, 0x000000070f400000|100%| S|CS|TAMS 0x000000070f200000| PB 0x000000070f200000| Complete 
|  42|0x000000070f400000, 0x000000070f400000, 0x000000070f600000|  0%| F|  |TAMS 0x000000070f400000| PB 0x000000070f400000| Untracked 
|  43|0x000000070f600000, 0x000000070f600000, 0x000000070f800000|  0%| F|  |TAMS 0x000000070f600000| PB 0x000000070f600000| Untracked 
|  44|0x000000070f800000, 0x000000070f800000, 0x000000070fa00000|  0%| F|  |TAMS 0x000000070f800000| PB 0x000000070f800000| Untracked 
|  45|0x000000070fa00000, 0x000000070fa00000, 0x000000070fc00000|  0%| F|  |TAMS 0x000000070fa00000| PB 0x000000070fa00000| Untracked 
|  46|0x000000070fc00000, 0x000000070fe00000, 0x000000070fe00000|100%| S|CS|TAMS 0x000000070fc00000| PB 0x000000070fc00000| Complete 
|  47|0x000000070fe00000, 0x000000070fe00000, 0x0000000710000000|  0%| F|  |TAMS 0x000000070fe00000| PB 0x000000070fe00000| Untracked 
|  48|0x0000000710000000, 0x0000000710000000, 0x0000000710200000|  0%| F|  |TAMS 0x0000000710000000| PB 0x0000000710000000| Untracked 
|  49|0x0000000710200000, 0x0000000710200000, 0x0000000710400000|  0%| F|  |TAMS 0x0000000710200000| PB 0x0000000710200000| Untracked 
|  50|0x0000000710400000, 0x0000000710400000, 0x0000000710600000|  0%| F|  |TAMS 0x0000000710400000| PB 0x0000000710400000| Untracked 
|  51|0x0000000710600000, 0x0000000710600000, 0x0000000710800000|  0%| F|  |TAMS 0x0000000710600000| PB 0x0000000710600000| Untracked 
|  52|0x0000000710800000, 0x0000000710800000, 0x0000000710a00000|  0%| F|  |TAMS 0x0000000710800000| PB 0x0000000710800000| Untracked 
|  53|0x0000000710a00000, 0x0000000710a00000, 0x0000000710c00000|  0%| F|  |TAMS 0x0000000710a00000| PB 0x0000000710a00000| Untracked 
|  54|0x0000000710c00000, 0x0000000710c00000, 0x0000000710e00000|  0%| F|  |TAMS 0x0000000710c00000| PB 0x0000000710c00000| Untracked 
|  55|0x0000000710e00000, 0x0000000710e00000, 0x0000000711000000|  0%| F|  |TAMS 0x0000000710e00000| PB 0x0000000710e00000| Untracked 
|  56|0x0000000711000000, 0x0000000711000000, 0x0000000711200000|  0%| F|  |TAMS 0x0000000711000000| PB 0x0000000711000000| Untracked 
|  57|0x0000000711200000, 0x0000000711200000, 0x0000000711400000|  0%| F|  |TAMS 0x0000000711200000| PB 0x0000000711200000| Untracked 
|  58|0x0000000711400000, 0x0000000711400000, 0x0000000711600000|  0%| F|  |TAMS 0x0000000711400000| PB 0x0000000711400000| Untracked 
|  59|0x0000000711600000, 0x0000000711600000, 0x0000000711800000|  0%| F|  |TAMS 0x0000000711600000| PB 0x0000000711600000| Untracked 
|  60|0x0000000711800000, 0x0000000711800000, 0x0000000711a00000|  0%| F|  |TAMS 0x0000000711800000| PB 0x0000000711800000| Untracked 
|  61|0x0000000711a00000, 0x0000000711a00000, 0x0000000711c00000|  0%| F|  |TAMS 0x0000000711a00000| PB 0x0000000711a00000| Untracked 
|  62|0x0000000711c00000, 0x0000000711c00000, 0x0000000711e00000|  0%| F|  |TAMS 0x0000000711c00000| PB 0x0000000711c00000| Untracked 
|  63|0x0000000711e00000, 0x0000000711e00000, 0x0000000712000000|  0%| F|  |TAMS 0x0000000711e00000| PB 0x0000000711e00000| Untracked 
|  64|0x0000000712000000, 0x0000000712000000, 0x0000000712200000|  0%| F|  |TAMS 0x0000000712000000| PB 0x0000000712000000| Untracked 
|  65|0x0000000712200000, 0x0000000712200000, 0x0000000712400000|  0%| F|  |TAMS 0x0000000712200000| PB 0x0000000712200000| Untracked 
|  66|0x0000000712400000, 0x0000000712400000, 0x0000000712600000|  0%| F|  |TAMS 0x0000000712400000| PB 0x0000000712400000| Untracked 
|  67|0x0000000712600000, 0x0000000712600000, 0x0000000712800000|  0%| F|  |TAMS 0x0000000712600000| PB 0x0000000712600000| Untracked 
|  68|0x0000000712800000, 0x0000000712800000, 0x0000000712a00000|  0%| F|  |TAMS 0x0000000712800000| PB 0x0000000712800000| Untracked 
|  69|0x0000000712a00000, 0x0000000712a00000, 0x0000000712c00000|  0%| F|  |TAMS 0x0000000712a00000| PB 0x0000000712a00000| Untracked 
|  70|0x0000000712c00000, 0x0000000712c00000, 0x0000000712e00000|  0%| F|  |TAMS 0x0000000712c00000| PB 0x0000000712c00000| Untracked 
|  71|0x0000000712e00000, 0x0000000712e00000, 0x0000000713000000|  0%| F|  |TAMS 0x0000000712e00000| PB 0x0000000712e00000| Untracked 
|  72|0x0000000713000000, 0x0000000713000000, 0x0000000713200000|  0%| F|  |TAMS 0x0000000713000000| PB 0x0000000713000000| Untracked 
|  73|0x0000000713200000, 0x0000000713200000, 0x0000000713400000|  0%| F|  |TAMS 0x0000000713200000| PB 0x0000000713200000| Untracked 
|  74|0x0000000713400000, 0x0000000713400000, 0x0000000713600000|  0%| F|  |TAMS 0x0000000713400000| PB 0x0000000713400000| Untracked 
|  75|0x0000000713600000, 0x000000071372b920, 0x0000000713800000| 58%| E|  |TAMS 0x0000000713600000| PB 0x0000000713600000| Complete 
|  76|0x0000000713800000, 0x0000000713a00000, 0x0000000713a00000|100%| E|CS|TAMS 0x0000000713800000| PB 0x0000000713800000| Complete 
|  77|0x0000000713a00000, 0x0000000713c00000, 0x0000000713c00000|100%| E|CS|TAMS 0x0000000713a00000| PB 0x0000000713a00000| Complete 
|  78|0x0000000713c00000, 0x0000000713e00000, 0x0000000713e00000|100%| E|CS|TAMS 0x0000000713c00000| PB 0x0000000713c00000| Complete 
|  79|0x0000000713e00000, 0x0000000714000000, 0x0000000714000000|100%| E|CS|TAMS 0x0000000713e00000| PB 0x0000000713e00000| Complete 
|  80|0x0000000714000000, 0x0000000714200000, 0x0000000714200000|100%| E|CS|TAMS 0x0000000714000000| PB 0x0000000714000000| Complete 
|  81|0x0000000714200000, 0x0000000714400000, 0x0000000714400000|100%| E|CS|TAMS 0x0000000714200000| PB 0x0000000714200000| Complete 
|  82|0x0000000714400000, 0x0000000714600000, 0x0000000714600000|100%| E|CS|TAMS 0x0000000714400000| PB 0x0000000714400000| Complete 
|  83|0x0000000714600000, 0x0000000714800000, 0x0000000714800000|100%| E|CS|TAMS 0x0000000714600000| PB 0x0000000714600000| Complete 
| 105|0x0000000717200000, 0x0000000717400000, 0x0000000717400000|100%| E|CS|TAMS 0x0000000717200000| PB 0x0000000717200000| Complete 
| 106|0x0000000717400000, 0x0000000717600000, 0x0000000717600000|100%| E|CS|TAMS 0x0000000717400000| PB 0x0000000717400000| Complete 
| 107|0x0000000717600000, 0x0000000717800000, 0x0000000717800000|100%| E|CS|TAMS 0x0000000717600000| PB 0x0000000717600000| Complete 
| 122|0x0000000719400000, 0x0000000719600000, 0x0000000719600000|100%| E|CS|TAMS 0x0000000719400000| PB 0x0000000719400000| Complete 

Card table byte_map: [0x000002069bac0000,0x000002069c270000] _byte_map_base: 0x0000020698270000

Marking Bits: (CMBitMap*) 0x0000020688ccad80
 Bits: [0x000002069c270000, 0x000002069fff0000)

Polling page: 0x0000020686ac0000

Metaspace:

Usage:
  Non-class:     66.64 MB used.
      Class:      8.30 MB used.
       Both:     74.94 MB used.

Virtual space:
  Non-class space:      128.00 MB reserved,      66.81 MB ( 52%) committed,  2 nodes.
      Class space:        1.00 GB reserved,       8.44 MB ( <1%) committed,  1 nodes.
             Both:        1.12 GB reserved,      75.25 MB (  7%) committed. 

Chunk freelists:
   Non-Class:  12.48 MB
       Class:  7.55 MB
        Both:  20.03 MB

MaxMetaspaceSize: unlimited
CompressedClassSpaceSize: 1.00 GB
Initial GC threshold: 21.00 MB
Current GC threshold: 98.44 MB
CDS: off
 - commit_granule_bytes: 65536.
 - commit_granule_words: 8192.
 - virtual_space_node_default_size: 8388608.
 - enlarge_chunks_in_place: 1.
 - use_allocation_guard: 0.


Internal statistics:

num_allocs_failed_limit: 9.
num_arena_births: 382.
num_arena_deaths: 0.
num_vsnodes_births: 3.
num_vsnodes_deaths: 0.
num_space_committed: 1202.
num_space_uncommitted: 0.
num_chunks_returned_to_freelist: 9.
num_chunks_taken_from_freelist: 2795.
num_chunk_merges: 9.
num_chunk_splits: 2303.
num_chunks_enlarged: 2087.
num_inconsistent_stats: 0.

CodeHeap 'non-profiled nmethods': size=120000Kb used=4800Kb max_used=4800Kb free=115199Kb
 bounds [0x0000020693890000, 0x0000020693d50000, 0x000002069adc0000]
CodeHeap 'profiled nmethods': size=120000Kb used=23964Kb max_used=23964Kb free=96035Kb
 bounds [0x000002068bdc0000, 0x000002068d530000, 0x00000206932f0000]
CodeHeap 'non-nmethods': size=5760Kb used=1780Kb max_used=1828Kb free=3979Kb
 bounds [0x00000206932f0000, 0x0000020693560000, 0x0000020693890000]
 total_blobs=8743 nmethods=7952 adapters=693
 compilation: enabled
              stopped_count=0, restarted_count=0
 full_count=0

Compilation events (20 events):
Event: 6.497 Thread 0x00000206a7084060 8234       4       org.jetbrains.kotlin.ir.util.TransformKt::transformIfNeeded (137 bytes)
Event: 6.497 Thread 0x00000206a7086b00 nmethod 8227 0x000002068d51f690 code [0x000002068d51f9c0, 0x000002068d520a58]
Event: 6.497 Thread 0x00000206a7086b00 8229       3       org.jetbrains.kotlin.ir.visitors.IrElementTransformerVoid::visitFunction (16 bytes)
Event: 6.497 Thread 0x00000206a7086b00 nmethod 8229 0x000002068d521010 code [0x000002068d521240, 0x000002068d5218c0]
Event: 6.497 Thread 0x00000206a7086b00 8230       3       org.jetbrains.kotlin.ir.visitors.IrElementTransformerVoid::visitSimpleFunction (10 bytes)
Event: 6.497 Thread 0x00000206a7086b00 nmethod 8230 0x000002068d521b10 code [0x000002068d521d60, 0x000002068d522550]
Event: 6.497 Thread 0x00000206a7086b00 8231       3       org.jetbrains.kotlin.ir.visitors.IrElementTransformerVoid::visitSimpleFunction (13 bytes)
Event: 6.498 Thread 0x00000206a7086b00 nmethod 8231 0x000002068d522810 code [0x000002068d522a40, 0x000002068d5230c0]
Event: 6.498 Thread 0x00000206a7086b00 8235       3       org.jetbrains.kotlin.ir.expressions.IrExpression::transform (10 bytes)
Event: 6.498 Thread 0x00000206a7086b00 nmethod 8235 0x000002068d523310 code [0x000002068d5235c0, 0x000002068d524380]
Event: 6.498 Thread 0x00000206a7086b00 8219       3       org.jetbrains.kotlin.ir.declarations.impl.IrValueParameterImpl::getSymbol (8 bytes)
Event: 6.498 Thread 0x00000206a7086b00 nmethod 8219 0x000002068d524810 code [0x000002068d5249c0, 0x000002068d524bf8]
Event: 6.498 Thread 0x00000206a7086b00 8220       3       org.jetbrains.kotlin.backend.common.IrElementTransformerVoidWithContext::visitValueParameterNew (12 bytes)
Event: 6.499 Thread 0x00000206a7086b00 nmethod 8220 0x000002068d524c90 code [0x000002068d524fc0, 0x000002068d526058]
Event: 6.499 Thread 0x00000206a7086b00 8232       3       org.jetbrains.kotlin.ir.visitors.IrElementTransformerVoid::visitSimpleFunction (16 bytes)
Event: 6.499 Thread 0x00000206a7086b00 nmethod 8232 0x000002068d526610 code [0x000002068d526840, 0x000002068d526ec0]
Event: 6.499 Thread 0x00000206a7086b00 8228       1       org.jetbrains.kotlin.ir.expressions.impl.IrGetFieldImpl::setReceiver (6 bytes)
Event: 6.499 Thread 0x00000206a7086b00 nmethod 8228 0x0000020693d3fa90 code [0x0000020693d3fc20, 0x0000020693d3fd38]
Event: 6.499 Thread 0x00000206a7086b00 8236       1       org.jetbrains.kotlin.ir.declarations.impl.IrPropertyImpl::getBackingField (5 bytes)
Event: 6.499 Thread 0x00000206a7086b00 nmethod 8236 0x0000020693d3fd90 code [0x0000020693d3ff20, 0x0000020693d3fff0]

GC Heap History (20 events):
Event: 0.955 GC heap before
{Heap before GC invocations=3 (full 0):
 garbage-first heap   total 34816K, used 31199K [0x000000070a000000, 0x0000000800000000)
  region size 2048K, 15 young (30720K), 3 survivors (6144K)
 Metaspace       used 25708K, committed 25984K, reserved 1114112K
  class space    used 2745K, committed 2880K, reserved 1048576K
}
Event: 0.962 GC heap after
{Heap after GC invocations=4 (full 0):
 garbage-first heap   total 47104K, used 14698K [0x000000070a000000, 0x0000000800000000)
  region size 2048K, 6 young (12288K), 6 survivors (12288K)
 Metaspace       used 25708K, committed 25984K, reserved 1114112K
  class space    used 2745K, committed 2880K, reserved 1048576K
}
Event: 1.116 GC heap before
{Heap before GC invocations=4 (full 0):
 garbage-first heap   total 47104K, used 29034K [0x000000070a000000, 0x0000000800000000)
  region size 2048K, 13 young (26624K), 6 survivors (12288K)
 Metaspace       used 29778K, committed 30016K, reserved 1114112K
  class space    used 3217K, committed 3328K, reserved 1048576K
}
Event: 1.124 GC heap after
{Heap after GC invocations=5 (full 0):
 garbage-first heap   total 47104K, used 16167K [0x000000070a000000, 0x0000000800000000)
  region size 2048K, 1 young (2048K), 1 survivors (2048K)
 Metaspace       used 29778K, committed 30016K, reserved 1114112K
  class space    used 3217K, committed 3328K, reserved 1048576K
}
Event: 1.351 GC heap before
{Heap before GC invocations=5 (full 0):
 garbage-first heap   total 47104K, used 34599K [0x000000070a000000, 0x0000000800000000)
  region size 2048K, 10 young (20480K), 1 survivors (2048K)
 Metaspace       used 34756K, committed 35008K, reserved 1114112K
  class space    used 4194K, committed 4288K, reserved 1048576K
}
Event: 1.354 GC heap after
{Heap after GC invocations=6 (full 0):
 garbage-first heap   total 47104K, used 17125K [0x000000070a000000, 0x0000000800000000)
  region size 2048K, 2 young (4096K), 2 survivors (4096K)
 Metaspace       used 34756K, committed 35008K, reserved 1114112K
  class space    used 4194K, committed 4288K, reserved 1048576K
}
Event: 1.390 GC heap before
{Heap before GC invocations=6 (full 0):
 garbage-first heap   total 47104K, used 21221K [0x000000070a000000, 0x0000000800000000)
  region size 2048K, 5 young (10240K), 2 survivors (4096K)
 Metaspace       used 35745K, committed 35968K, reserved 1114112K
  class space    used 4280K, committed 4352K, reserved 1048576K
}
Event: 1.392 GC heap after
{Heap after GC invocations=7 (full 0):
 garbage-first heap   total 47104K, used 17168K [0x000000070a000000, 0x0000000800000000)
  region size 2048K, 1 young (2048K), 1 survivors (2048K)
 Metaspace       used 35745K, committed 35968K, reserved 1114112K
  class space    used 4280K, committed 4352K, reserved 1048576K
}
Event: 1.628 GC heap before
{Heap before GC invocations=8 (full 0):
 garbage-first heap   total 47104K, used 35600K [0x000000070a000000, 0x0000000800000000)
  region size 2048K, 11 young (22528K), 1 survivors (2048K)
 Metaspace       used 41298K, committed 41536K, reserved 1114112K
  class space    used 4851K, committed 4928K, reserved 1048576K
}
Event: 1.631 GC heap after
{Heap after GC invocations=9 (full 0):
 garbage-first heap   total 149504K, used 18524K [0x000000070a000000, 0x0000000800000000)
  region size 2048K, 2 young (4096K), 2 survivors (4096K)
 Metaspace       used 41298K, committed 41536K, reserved 1114112K
  class space    used 4851K, committed 4928K, reserved 1048576K
}
Event: 2.500 GC heap before
{Heap before GC invocations=9 (full 0):
 garbage-first heap   total 149504K, used 100444K [0x000000070a000000, 0x0000000800000000)
  region size 2048K, 43 young (88064K), 2 survivors (4096K)
 Metaspace       used 54245K, committed 54528K, reserved 1114112K
  class space    used 6318K, committed 6464K, reserved 1048576K
}
Event: 2.515 GC heap after
{Heap after GC invocations=10 (full 0):
 garbage-first heap   total 149504K, used 36211K [0x000000070a000000, 0x0000000800000000)
  region size 2048K, 6 young (12288K), 6 survivors (12288K)
 Metaspace       used 54245K, committed 54528K, reserved 1114112K
  class space    used 6318K, committed 6464K, reserved 1048576K
}
Event: 3.103 GC heap before
{Heap before GC invocations=10 (full 0):
 garbage-first heap   total 149504K, used 73075K [0x000000070a000000, 0x0000000800000000)
  region size 2048K, 25 young (51200K), 6 survivors (12288K)
 Metaspace       used 60034K, committed 60288K, reserved 1114112K
  class space    used 7009K, committed 7104K, reserved 1048576K
}
Event: 3.119 GC heap after
{Heap after GC invocations=11 (full 0):
 garbage-first heap   total 149504K, used 44285K [0x000000070a000000, 0x0000000800000000)
  region size 2048K, 4 young (8192K), 4 survivors (8192K)
 Metaspace       used 60034K, committed 60288K, reserved 1114112K
  class space    used 7009K, committed 7104K, reserved 1048576K
}
Event: 4.062 GC heap before
{Heap before GC invocations=12 (full 0):
 garbage-first heap   total 149504K, used 105725K [0x000000070a000000, 0x0000000800000000)
  region size 2048K, 34 young (69632K), 4 survivors (8192K)
 Metaspace       used 65031K, committed 65344K, reserved 1114112K
  class space    used 7482K, committed 7616K, reserved 1048576K
}
Event: 4.077 GC heap after
{Heap after GC invocations=13 (full 0):
 garbage-first heap   total 149504K, used 56657K [0x000000070a000000, 0x0000000800000000)
  region size 2048K, 5 young (10240K), 5 survivors (10240K)
 Metaspace       used 65031K, committed 65344K, reserved 1114112K
  class space    used 7482K, committed 7616K, reserved 1048576K
}
Event: 4.591 GC heap before
{Heap before GC invocations=13 (full 0):
 garbage-first heap   total 149504K, used 111953K [0x000000070a000000, 0x0000000800000000)
  region size 2048K, 32 young (65536K), 5 survivors (10240K)
 Metaspace       used 69882K, committed 70208K, reserved 1114112K
  class space    used 7936K, committed 8064K, reserved 1048576K
}
Event: 4.611 GC heap after
{Heap after GC invocations=14 (full 0):
 garbage-first heap   total 149504K, used 67173K [0x000000070a000000, 0x0000000800000000)
  region size 2048K, 4 young (8192K), 4 survivors (8192K)
 Metaspace       used 69882K, committed 70208K, reserved 1114112K
  class space    used 7936K, committed 8064K, reserved 1048576K
}
Event: 5.206 GC heap before
{Heap before GC invocations=14 (full 0):
 garbage-first heap   total 149504K, used 120421K [0x000000070a000000, 0x0000000800000000)
  region size 2048K, 30 young (61440K), 4 survivors (8192K)
 Metaspace       used 72782K, committed 73088K, reserved 1114112K
  class space    used 8139K, committed 8256K, reserved 1048576K
}
Event: 5.221 GC heap after
{Heap after GC invocations=15 (full 0):
 garbage-first heap   total 180224K, used 77824K [0x000000070a000000, 0x0000000800000000)
  region size 2048K, 4 young (8192K), 4 survivors (8192K)
 Metaspace       used 72782K, committed 73088K, reserved 1114112K
  class space    used 8139K, committed 8256K, reserved 1048576K
}

Dll operation events (3 events):
Event: 0.007 Loaded shared library C:\Program Files\Android\Android Studio\jbr\bin\java.dll
Event: 0.011 Loaded shared library C:\Program Files\Android\Android Studio\jbr\bin\zip.dll
Event: 0.927 Loaded shared library C:\Program Files\Android\Android Studio\jbr\bin\verify.dll

Deoptimization events (20 events):
Event: 5.330 Thread 0x0000020686780280 Uncommon trap: trap_request=0xffffffc6 fr.pc=0x0000020693cf51ec relative=0x000000000000032c
Event: 5.330 Thread 0x0000020686780280 Uncommon trap: reason=bimorphic_or_optimized_type_check action=maybe_recompile pc=0x0000020693cf51ec method=org.jetbrains.kotlin.ir.visitors.IrElementVisitorVoid$DefaultImpls.visitDeclaration(Lorg/jetbrains/kotlin/ir/visitors/IrElementVisitorVoid;Lorg/jet
Event: 5.330 Thread 0x0000020686780280 DEOPT PACKING pc=0x0000020693cf51ec sp=0x000000c2a11fdc80
Event: 5.330 Thread 0x0000020686780280 DEOPT UNPACKING pc=0x00000206933446a2 sp=0x000000c2a11fdc38 mode 2
Event: 5.330 Thread 0x0000020686780280 Uncommon trap: trap_request=0xffffffc6 fr.pc=0x0000020693cf51ec relative=0x000000000000032c
Event: 5.330 Thread 0x0000020686780280 Uncommon trap: reason=bimorphic_or_optimized_type_check action=maybe_recompile pc=0x0000020693cf51ec method=org.jetbrains.kotlin.ir.visitors.IrElementVisitorVoid$DefaultImpls.visitDeclaration(Lorg/jetbrains/kotlin/ir/visitors/IrElementVisitorVoid;Lorg/jet
Event: 5.330 Thread 0x0000020686780280 DEOPT PACKING pc=0x0000020693cf51ec sp=0x000000c2a11fdc80
Event: 5.330 Thread 0x0000020686780280 DEOPT UNPACKING pc=0x00000206933446a2 sp=0x000000c2a11fdc38 mode 2
Event: 5.358 Thread 0x0000020686780280 Uncommon trap: trap_request=0xffffff45 fr.pc=0x00000206938ef8f0 relative=0x0000000000000410
Event: 5.358 Thread 0x0000020686780280 Uncommon trap: reason=unstable_if action=reinterpret pc=0x00000206938ef8f0 method=kotlin.LazyKt__LazyJVMKt.lazy(Lkotlin/LazyThreadSafetyMode;Lkotlin/jvm/functions/Function0;)Lkotlin/Lazy; @ 21 c2
Event: 5.358 Thread 0x0000020686780280 DEOPT PACKING pc=0x00000206938ef8f0 sp=0x000000c2a11fe8f0
Event: 5.358 Thread 0x0000020686780280 DEOPT UNPACKING pc=0x00000206933446a2 sp=0x000000c2a11fe8b0 mode 2
Event: 5.396 Thread 0x0000020686780280 Uncommon trap: trap_request=0xffffffde fr.pc=0x0000020693c7c280 relative=0x00000000000004a0
Event: 5.396 Thread 0x0000020686780280 Uncommon trap: reason=class_check action=maybe_recompile pc=0x0000020693c7c280 method=java.util.Arrays.copyOfRange([Ljava/lang/Object;IILjava/lang/Class;)[Ljava/lang/Object; @ 65 c2
Event: 5.396 Thread 0x0000020686780280 DEOPT PACKING pc=0x0000020693c7c280 sp=0x000000c2a11fe020
Event: 5.396 Thread 0x0000020686780280 DEOPT UNPACKING pc=0x00000206933446a2 sp=0x000000c2a11fdfc0 mode 2
Event: 6.478 Thread 0x0000020686780280 Uncommon trap: trap_request=0xffffff45 fr.pc=0x0000020693be76c8 relative=0x00000000000000a8
Event: 6.478 Thread 0x0000020686780280 Uncommon trap: reason=unstable_if action=reinterpret pc=0x0000020693be76c8 method=java.util.AbstractSet.equals(Ljava/lang/Object;)Z @ 11 c2
Event: 6.478 Thread 0x0000020686780280 DEOPT PACKING pc=0x0000020693be76c8 sp=0x000000c2a11fe8e0
Event: 6.478 Thread 0x0000020686780280 DEOPT UNPACKING pc=0x00000206933446a2 sp=0x000000c2a11fe870 mode 2

Classes loaded (20 events):
Event: 4.392 Loading class java/util/Collections$EmptyEnumeration
Event: 4.392 Loading class java/util/Collections$EmptyEnumeration done
Event: 4.392 Loading class jdk/internal/loader/BuiltinClassLoader$1
Event: 4.393 Loading class jdk/internal/loader/BuiltinClassLoader$1 done
Event: 4.393 Loading class java/lang/CompoundEnumeration
Event: 4.393 Loading class java/lang/CompoundEnumeration done
Event: 4.393 Loading class jdk/internal/loader/URLClassPath$1
Event: 4.393 Loading class jdk/internal/loader/URLClassPath$1 done
Event: 4.394 Loading class java/util/ServiceLoader$1
Event: 4.394 Loading class java/util/ServiceLoader$1 done
Event: 4.394 Loading class java/util/ServiceLoader$ProviderImpl
Event: 4.394 Loading class java/util/ServiceLoader$Provider
Event: 4.394 Loading class java/util/ServiceLoader$Provider done
Event: 4.394 Loading class java/util/ServiceLoader$ProviderImpl done
Event: 4.530 Loading class java/lang/Byte$ByteCache
Event: 4.530 Loading class java/lang/Byte$ByteCache done
Event: 5.160 Loading class java/lang/Short$ShortCache
Event: 5.160 Loading class java/lang/Short$ShortCache done
Event: 5.398 Loading class java/util/Collections$SynchronizedMap
Event: 5.398 Loading class java/util/Collections$SynchronizedMap done

Classes unloaded (0 events):
No events

Classes redefined (0 events):
No events

Internal exceptions (20 events):
Event: 2.823 Thread 0x0000020686780280 Exception <a 'java/lang/NoSuchMethodError'{0x0000000711ab47c8}: 'java.lang.Object java.lang.invoke.DirectMethodHandle$Holder.newInvokeSpecial(java.lang.Object, java.lang.Object, java.lang.Object, java.lang.Object, java.lang.Object, java.lang.Object, java.lang.Object, java.lang.Object, java.lang.Object)'> (0x0000000711ab47c8) 
thrown [s\src\hotspot\share\interpreter\linkResolver.cpp, line 784]
Event: 2.895 Thread 0x0000020686780280 Exception <a 'java/lang/NoSuchMethodError'{0x000000071173bb48}: 'java.lang.Object java.lang.invoke.DirectMethodHandle$Holder.invokeSpecial(java.lang.Object, java.lang.Object, int, java.lang.Object, java.lang.Object)'> (0x000000071173bb48) 
thrown [s\src\hotspot\share\interpreter\linkResolver.cpp, line 784]
Event: 2.898 Thread 0x0000020686780280 Exception <a 'java/lang/NoSuchMethodError'{0x000000071174c4a8}: 'java.lang.Object java.lang.invoke.DirectMethodHandle$Holder.invokeStatic(java.lang.Object, int, java.lang.Object, java.lang.Object)'> (0x000000071174c4a8) 
thrown [s\src\hotspot\share\interpreter\linkResolver.cpp, line 784]
Event: 3.008 Thread 0x0000020686780280 Exception <a 'java/lang/NoSuchMethodError'{0x0000000710e10ed8}: 'java.lang.Object java.lang.invoke.DirectMethodHandle$Holder.invokeStatic(java.lang.Object, java.lang.Object, java.lang.Object, int, java.lang.Object, java.lang.Object)'> (0x0000000710e10ed8) 
thrown [s\src\hotspot\share\interpreter\linkResolver.cpp, line 784]
Event: 3.169 Thread 0x0000020686780280 Exception <a 'java/lang/IncompatibleClassChangeError'{0x00000007195a58a0}: Found class java.lang.Object, but interface was expected> (0x00000007195a58a0) 
thrown [s\src\hotspot\share\interpreter\linkResolver.cpp, line 851]
Event: 3.352 Thread 0x0000020686780280 Exception <a 'java/lang/NoSuchMethodError'{0x0000000712746ec8}: 'java.lang.Object java.lang.invoke.DirectMethodHandle$Holder.newInvokeSpecial(java.lang.Object, java.lang.Object, java.lang.Object, java.lang.Object, java.lang.Object, int)'> (0x0000000712746ec8) 
thrown [s\src\hotspot\share\interpreter\linkResolver.cpp, line 784]
Event: 3.352 Thread 0x0000020686780280 Exception <a 'java/lang/NoSuchMethodError'{0x000000071274b9f0}: 'java.lang.Object java.lang.invoke.DirectMethodHandle$Holder.invokeSpecial(java.lang.Object, java.lang.Object, java.lang.Object, java.lang.Object, java.lang.Object, java.lang.Object, int)'> (0x000000071274b9f0) 
thrown [s\src\hotspot\share\interpreter\linkResolver.cpp, line 784]
Event: 3.353 Thread 0x0000020686780280 Exception <a 'java/lang/NoSuchMethodError'{0x000000071274fe20}: 'java.lang.Object java.lang.invoke.Invokers$Holder.linkToTargetMethod(java.lang.Object, java.lang.Object, java.lang.Object, java.lang.Object, int, java.lang.Object)'> (0x000000071274fe20) 
thrown [s\src\hotspot\share\interpreter\linkResolver.cpp, line 784]
Event: 3.797 Thread 0x0000020686780280 Implicit null exception at 0x0000020693962ce3 to 0x0000020693962d75
Event: 3.933 Thread 0x0000020686780280 Exception <a 'java/lang/NoSuchMethodError'{0x000000070fb3caf8}: 'java.lang.Object java.lang.invoke.DirectMethodHandle$Holder.invokeSpecial(java.lang.Object, java.lang.Object, java.lang.Object, int, java.lang.Object, java.lang.Object, java.lang.Object)'> (0x000000070fb3caf8) 
thrown [s\src\hotspot\share\interpreter\linkResolver.cpp, line 784]
Event: 3.933 Thread 0x0000020686780280 Exception <a 'java/lang/NoSuchMethodError'{0x000000070fb40170}: 'java.lang.Object java.lang.invoke.Invokers$Holder.linkToTargetMethod(java.lang.Object, int, java.lang.Object, java.lang.Object, java.lang.Object, java.lang.Object)'> (0x000000070fb40170) 
thrown [s\src\hotspot\share\interpreter\linkResolver.cpp, line 784]
Event: 4.431 Thread 0x0000020686780280 Implicit null exception at 0x00000206938c48a0 to 0x00000206938c4e4c
Event: 4.433 Thread 0x0000020686780280 Implicit null exception at 0x00000206938c7fa0 to 0x00000206938c8544
Event: 4.571 Thread 0x0000020686780280 Exception <a 'java/lang/NoSuchMethodError'{0x000000070fca54f8}: 'java.lang.Object java.lang.invoke.DirectMethodHandle$Holder.newInvokeSpecial(java.lang.Object, java.lang.Object, java.lang.Object, java.lang.Object, java.lang.Object, java.lang.Object, java.lang.Object, java.lang.Object, int)'> (0x000000070fca54f8) 
thrown [s\src\hotspot\share\interpreter\linkResolver.cpp, line 784]
Event: 4.571 Thread 0x0000020686780280 Exception <a 'java/lang/NoSuchMethodError'{0x000000070fcaa230}: 'java.lang.Object java.lang.invoke.DirectMethodHandle$Holder.invokeSpecial(java.lang.Object, java.lang.Object, java.lang.Object, java.lang.Object, java.lang.Object, java.lang.Object, java.lang.Object, java.lang.Object, java.lang.Object, int)'> (0x000000070fcaa230) 
thrown [s\src\hotspot\share\interpreter\linkResolver.cpp, line 784]
Event: 4.639 Thread 0x0000020686780280 Exception <a 'java/lang/NoSuchMethodError'{0x00000007194ffb78}: 'java.lang.Object java.lang.invoke.DirectMethodHandle$Holder.invokeStatic(java.lang.Object, java.lang.Object, int, int)'> (0x00000007194ffb78) 
thrown [s\src\hotspot\share\interpreter\linkResolver.cpp, line 784]
Event: 4.639 Thread 0x0000020686780280 Exception <a 'java/lang/NoSuchMethodError'{0x000000071950b040}: 'java.lang.Object java.lang.invoke.DirectMethodHandle$Holder.newInvokeSpecial(java.lang.Object, java.lang.Object, int, int)'> (0x000000071950b040) 
thrown [s\src\hotspot\share\interpreter\linkResolver.cpp, line 784]
Event: 4.639 Thread 0x0000020686780280 Exception <a 'java/lang/NoSuchMethodError'{0x000000071950f010}: 'java.lang.Object java.lang.invoke.DirectMethodHandle$Holder.invokeSpecial(java.lang.Object, java.lang.Object, java.lang.Object, int, int)'> (0x000000071950f010) 
thrown [s\src\hotspot\share\interpreter\linkResolver.cpp, line 784]
Event: 4.639 Thread 0x0000020686780280 Exception <a 'java/lang/NoSuchMethodError'{0x0000000719512938}: 'java.lang.Object java.lang.invoke.Invokers$Holder.linkToTargetMethod(java.lang.Object, int, int, java.lang.Object)'> (0x0000000719512938) 
thrown [s\src\hotspot\share\interpreter\linkResolver.cpp, line 784]
Event: 5.438 Thread 0x0000020686780280 Exception <a 'java/lang/NoSuchMethodError'{0x0000000713b97398}: 'java.lang.Object java.lang.invoke.DirectMethodHandle$Holder.newInvokeSpecial(java.lang.Object, int, java.lang.Object, int)'> (0x0000000713b97398) 
thrown [s\src\hotspot\share\interpreter\linkResolver.cpp, line 784]

ZGC Phase Switch (0 events):
No events

VM Operations (20 events):
Event: 5.225 Executing VM operation: HandshakeAllThreads (Deoptimize)
Event: 5.225 Executing VM operation: HandshakeAllThreads (Deoptimize) done
Event: 5.321 Executing VM operation: ICBufferFull
Event: 5.321 Executing VM operation: ICBufferFull done
Event: 5.343 Executing VM operation: HandshakeAllThreads (Deoptimize)
Event: 5.343 Executing VM operation: HandshakeAllThreads (Deoptimize) done
Event: 5.344 Executing VM operation: HandshakeAllThreads (Deoptimize)
Event: 5.344 Executing VM operation: HandshakeAllThreads (Deoptimize) done
Event: 5.345 Executing VM operation: HandshakeAllThreads (Deoptimize)
Event: 5.345 Executing VM operation: HandshakeAllThreads (Deoptimize) done
Event: 5.353 Executing VM operation: HandshakeAllThreads (Deoptimize)
Event: 5.353 Executing VM operation: HandshakeAllThreads (Deoptimize) done
Event: 5.457 Executing VM operation: HandshakeAllThreads (Deoptimize)
Event: 5.457 Executing VM operation: HandshakeAllThreads (Deoptimize) done
Event: 5.458 Executing VM operation: HandshakeAllThreads (Deoptimize)
Event: 5.458 Executing VM operation: HandshakeAllThreads (Deoptimize) done
Event: 6.473 Executing VM operation: Cleanup
Event: 6.473 Executing VM operation: Cleanup done
Event: 7.476 Executing VM operation: Cleanup
Event: 7.476 Executing VM operation: Cleanup done

Memory protections (0 events):
No events

Nmethod flushes (20 events):
Event: 3.138 Thread 0x00000206a701a200 flushing  nmethod 0x000002068be9a590
Event: 3.138 Thread 0x00000206a701a200 flushing  nmethod 0x000002068be9b210
Event: 3.138 Thread 0x00000206a701a200 flushing  nmethod 0x000002068be9c910
Event: 3.138 Thread 0x00000206a701a200 flushing  nmethod 0x000002068be9d690
Event: 3.138 Thread 0x00000206a701a200 flushing  nmethod 0x000002068beb4710
Event: 3.138 Thread 0x00000206a701a200 flushing  nmethod 0x000002068beb7a10
Event: 3.138 Thread 0x00000206a701a200 flushing  nmethod 0x000002068bed3390
Event: 3.138 Thread 0x00000206a701a200 flushing  nmethod 0x000002068befd810
Event: 3.138 Thread 0x00000206a701a200 flushing  nmethod 0x000002068bfb3810
Event: 3.138 Thread 0x00000206a701a200 flushing  nmethod 0x000002068bfb6290
Event: 3.138 Thread 0x00000206a701a200 flushing  nmethod 0x000002068bfb6610
Event: 3.138 Thread 0x00000206a701a200 flushing  nmethod 0x000002068bfb6b10
Event: 3.138 Thread 0x00000206a701a200 flushing  nmethod 0x000002068bfb7490
Event: 3.138 Thread 0x00000206a701a200 flushing  nmethod 0x000002068bfb7d90
Event: 3.138 Thread 0x00000206a701a200 flushing  nmethod 0x000002068bfb9210
Event: 3.138 Thread 0x00000206a701a200 flushing osr nmethod 0x000002068bfbba10
Event: 3.138 Thread 0x00000206a701a200 flushing  nmethod 0x000002068bfc2490
Event: 3.138 Thread 0x00000206a701a200 flushing  nmethod 0x000002068bfc3390
Event: 3.138 Thread 0x00000206a701a200 flushing  nmethod 0x000002068bfc3710
Event: 3.138 Thread 0x00000206a701a200 flushing  nmethod 0x000002068c013b90

Events (18 events):
Event: 0.011 Thread 0x0000020686780280 Thread added: 0x0000020686780280
Event: 0.053 Thread 0x0000020686780280 Thread added: 0x00000206a70729e0
Event: 0.053 Thread 0x0000020686780280 Thread added: 0x00000206a7073fa0
Event: 0.054 Thread 0x0000020686780280 Thread added: 0x00000206a7076d90
Event: 0.054 Thread 0x0000020686780280 Thread added: 0x00000206a70777e0
Event: 0.054 Thread 0x0000020686780280 Thread added: 0x00000206a70814f0
Event: 0.054 Thread 0x0000020686780280 Thread added: 0x00000206a70826c0
Event: 0.054 Thread 0x0000020686780280 Thread added: 0x00000206a7084060
Event: 0.054 Thread 0x0000020686780280 Thread added: 0x00000206a7086b00
Event: 0.086 Thread 0x0000020686780280 Thread added: 0x00000206a7238930
Event: 0.090 Thread 0x0000020686780280 Thread added: 0x00000206a7238fc0
Event: 0.096 Loaded shared library C:\Program Files\Android\Android Studio\jbr\bin\net.dll
Event: 0.097 Loaded shared library C:\Program Files\Android\Android Studio\jbr\bin\nio.dll
Event: 0.108 Thread 0x00000206a7084060 Thread added: 0x00000206a72c86b0
Event: 0.108 Thread 0x00000206a7084060 Thread added: 0x00000206a72c8d50
Event: 0.117 Loaded shared library C:\Program Files\Android\Android Studio\jbr\bin\zip.dll
Event: 0.138 Loaded shared library C:\Program Files\Android\Android Studio\jbr\bin\jimage.dll
Event: 6.486 Thread 0x00000206a72c8d50 Thread exited: 0x00000206a72c8d50


Dynamic libraries:
0x00007ff7e0e90000 - 0x00007ff7e0e9a000 	C:\Program Files\Android\Android Studio\jbr\bin\java.exe
0x00007ff8eeea0000 - 0x00007ff8ef109000 	C:\Windows\SYSTEM32\ntdll.dll
0x00007ff8ed5f0000 - 0x00007ff8ed6b9000 	C:\Windows\System32\KERNEL32.DLL
0x00007ff8ec6d0000 - 0x00007ff8ecac3000 	C:\Windows\System32\KERNELBASE.dll
0x00007ff8ec580000 - 0x00007ff8ec6cb000 	C:\Windows\System32\ucrtbase.dll
0x00007ff8d5df0000 - 0x00007ff8d5e08000 	C:\Program Files\Android\Android Studio\jbr\bin\jli.dll
0x00007ff8cdb90000 - 0x00007ff8cdbab000 	C:\Program Files\Android\Android Studio\jbr\bin\VCRUNTIME140.dll
0x00007ff8ed110000 - 0x00007ff8ed2d4000 	C:\Windows\System32\USER32.dll
0x00007ff8ecad0000 - 0x00007ff8ecaf7000 	C:\Windows\System32\win32u.dll
0x00007ff8d8cd0000 - 0x00007ff8d8f63000 	C:\Windows\WinSxS\amd64_microsoft.windows.common-controls_6595b64144ccf1df_6.0.26100.5074_none_3e0d6f78e32fd63f\COMCTL32.dll
0x00007ff8ee060000 - 0x00007ff8ee109000 	C:\Windows\System32\msvcrt.dll
0x00007ff8ed4c0000 - 0x00007ff8ed4eb000 	C:\Windows\System32\GDI32.dll
0x00007ff8ec450000 - 0x00007ff8ec57d000 	C:\Windows\System32\gdi32full.dll
0x00007ff8ec0c0000 - 0x00007ff8ec163000 	C:\Windows\System32\msvcp_win.dll
0x00007ff8edf60000 - 0x00007ff8edf8f000 	C:\Windows\System32\IMM32.DLL
0x00007ff8e2070000 - 0x00007ff8e207c000 	C:\Program Files\Android\Android Studio\jbr\bin\vcruntime140_1.dll
0x00007ff8975a0000 - 0x00007ff89762d000 	C:\Program Files\Android\Android Studio\jbr\bin\msvcp140.dll
0x00007ff855f00000 - 0x00007ff856b8b000 	C:\Program Files\Android\Android Studio\jbr\bin\server\jvm.dll
0x00007ff8ed360000 - 0x00007ff8ed414000 	C:\Windows\System32\ADVAPI32.dll
0x00007ff8ed9e0000 - 0x00007ff8eda86000 	C:\Windows\System32\sechost.dll
0x00007ff8edaa0000 - 0x00007ff8edbb8000 	C:\Windows\System32\RPCRT4.dll
0x00007ff8ed6c0000 - 0x00007ff8ed734000 	C:\Windows\System32\WS2_32.dll
0x00007ff8ebe90000 - 0x00007ff8ebeee000 	C:\Windows\SYSTEM32\POWRPROF.dll
0x00007ff8e53b0000 - 0x00007ff8e53bb000 	C:\Windows\SYSTEM32\VERSION.dll
0x00007ff8e3b30000 - 0x00007ff8e3b65000 	C:\Windows\SYSTEM32\WINMM.dll
0x00007ff8ebe70000 - 0x00007ff8ebe84000 	C:\Windows\SYSTEM32\UMPDC.dll
0x00007ff8eae10000 - 0x00007ff8eae2b000 	C:\Windows\SYSTEM32\kernel.appcore.dll
0x00007ff8ddb20000 - 0x00007ff8ddb2a000 	C:\Program Files\Android\Android Studio\jbr\bin\jimage.dll
0x00007ff8e0be0000 - 0x00007ff8e0e22000 	C:\Windows\SYSTEM32\DBGHELP.DLL
0x00007ff8ee8a0000 - 0x00007ff8eec1b000 	C:\Windows\System32\combase.dll
0x00007ff8ede70000 - 0x00007ff8edf47000 	C:\Windows\System32\OLEAUT32.dll
0x00007ff8c9830000 - 0x00007ff8c986d000 	C:\Windows\SYSTEM32\dbgcore.DLL
0x00007ff8ec230000 - 0x00007ff8ec2c9000 	C:\Windows\System32\bcryptPrimitives.dll
0x00007ff8c70a0000 - 0x00007ff8c70c0000 	C:\Program Files\Android\Android Studio\jbr\bin\java.dll
0x00007ff8c6e80000 - 0x00007ff8c6e98000 	C:\Program Files\Android\Android Studio\jbr\bin\zip.dll
0x00007ff8ee120000 - 0x00007ff8ee86d000 	C:\Windows\System32\SHELL32.dll
0x00007ff8ecb00000 - 0x00007ff8ecc6c000 	C:\Windows\System32\wintypes.dll
0x00007ff8e9c80000 - 0x00007ff8ea4d9000 	C:\Windows\SYSTEM32\windows.storage.dll
0x00007ff8edbc0000 - 0x00007ff8edcb0000 	C:\Windows\System32\SHCORE.dll
0x00007ff8ed4f0000 - 0x00007ff8ed552000 	C:\Windows\System32\shlwapi.dll
0x00007ff8ebf50000 - 0x00007ff8ebf79000 	C:\Windows\SYSTEM32\profapi.dll
0x00007ff8dda60000 - 0x00007ff8dda70000 	C:\Program Files\Android\Android Studio\jbr\bin\net.dll
0x00007ff8e3f40000 - 0x00007ff8e405f000 	C:\Windows\SYSTEM32\WINHTTP.dll
0x00007ff8eb390000 - 0x00007ff8eb3fb000 	C:\Windows\system32\mswsock.dll
0x00007ff8c6970000 - 0x00007ff8c6986000 	C:\Program Files\Android\Android Studio\jbr\bin\nio.dll
0x00007ff8d5d60000 - 0x00007ff8d5d70000 	C:\Program Files\Android\Android Studio\jbr\bin\verify.dll

dbghelp: loaded successfully - version: 4.0.5 - missing functions: none
symbol engine: initialized successfully - sym options: 0x614 - pdb path: .;C:\Program Files\Android\Android Studio\jbr\bin;C:\Windows\SYSTEM32;C:\Windows\WinSxS\amd64_microsoft.windows.common-controls_6595b64144ccf1df_6.0.26100.5074_none_3e0d6f78e32fd63f;C:\Program Files\Android\Android Studio\jbr\bin\server

VM Arguments:
java_command: org.jetbrains.kotlin.cli.jvm.K2JVMCompiler @D:\Android Projects\NoxNews\app\build\20251009_10900321446350200839.compiler.options
java_class_path (initial): C:\Users\mbokh\.gradle\caches\modules-2\files-2.1\org.jetbrains.kotlin\kotlin-compiler-embeddable\2.0.21\79346ed53db48b18312a472602eb5c057070c54d\kotlin-compiler-embeddable-2.0.21.jar;C:\Users\mbokh\.gradle\caches\modules-2\files-2.1\org.jetbrains.kotlin\kotlin-stdlib\2.0.21\618b539767b4899b4660a83006e052b63f1db551\kotlin-stdlib-2.0.21.jar;C:\Users\mbokh\.gradle\caches\modules-2\files-2.1\org.jetbrains.kotlin\kotlin-script-runtime\2.0.21\c9b044380ad41f89aa89aa896c2d32a8c0b2129d\kotlin-script-runtime-2.0.21.jar;C:\Users\mbokh\.gradle\caches\modules-2\files-2.1\org.jetbrains.kotlin\kotlin-reflect\1.6.10\1cbe9c92c12a94eea200d23c2bbaedaf3daf5132\kotlin-reflect-1.6.10.jar;C:\Users\mbokh\.gradle\caches\modules-2\files-2.1\org.jetbrains.kotlin\kotlin-daemon-embeddable\2.0.21\c9e933b23287de9b5a17e2116b4657bb91aea72c\kotlin-daemon-embeddable-2.0.21.jar;C:\Users\mbokh\.gradle\caches\modules-2\files-2.1\org.jetbrains.intellij.deps\trove4j\1.0.20200330\3afb14d5f9ceb459d724e907a21145e8ff394f02\trove4j-1.0.20200330.jar;C:\Users\mbokh\.gradle\caches\modules-2\files-2.1\org.jetbrains.kotlinx\kotlinx-coroutines-core-jvm\1.6.4\2c997cd1c0ef33f3e751d3831929aeff1390cb30\kotlinx-coroutines-core-jvm-1.6.4.jar;C:\Users\mbokh\.gradle\caches\modules-2\files-2.1\org.jetbrains\annotations\13.0\919f0dfe192fb4e063e7dacadee7f8bb9a2672a9\annotations-13.0.jar
Launcher Type: SUN_STANDARD

[Global flags]
     intx CICompilerCount                          = 4                                         {product} {ergonomic}
     uint ConcGCThreads                            = 3                                         {product} {ergonomic}
     uint G1ConcRefinementThreads                  = 10                                        {product} {ergonomic}
   size_t G1HeapRegionSize                         = 2097152                                   {product} {ergonomic}
    uintx GCDrainStackTargetSize                   = 64                                        {product} {ergonomic}
   size_t InitialHeapSize                          = 257949696                                 {product} {ergonomic}
   size_t MarkStackSize                            = 4194304                                   {product} {ergonomic}
   size_t MaxHeapSize                              = 4127195136                                {product} {ergonomic}
   size_t MaxNewSize                               = 2474639360                                {product} {ergonomic}
   size_t MinHeapDeltaBytes                        = 2097152                                   {product} {ergonomic}
   size_t MinHeapSize                              = 8388608                                   {product} {ergonomic}
    uintx NonNMethodCodeHeapSize                   = 5839372                                {pd product} {ergonomic}
    uintx NonProfiledCodeHeapSize                  = 122909434                              {pd product} {ergonomic}
    uintx ProfiledCodeHeapSize                     = 122909434                              {pd product} {ergonomic}
    uintx ReservedCodeCacheSize                    = 251658240                              {pd product} {ergonomic}
     bool SegmentedCodeCache                       = true                                      {product} {ergonomic}
   size_t SoftMaxHeapSize                          = 4127195136                             {manageable} {ergonomic}
     bool UseCompressedOops                        = true                           {product lp64_product} {ergonomic}
     bool UseG1GC                                  = true                                      {product} {ergonomic}
     bool UseLargePagesIndividualAllocation        = false                                  {pd product} {ergonomic}

Logging:
Log output configuration:
 #0: stdout all=warning uptime,level,tags foldmultilines=false
 #1: stderr all=off uptime,level,tags foldmultilines=false

Environment Variables:
PATH=C:\Program Files\Common Files\Oracle\Java\javapath;C:\oraclexe\app\oracle\product\11.2.0\server\bin;C:\Windows\system32;C:\Windows;C:\Windows\System32\Wbem;C:\Windows\System32\WindowsPowerShell\v1.0\;C:\Windows\System32\OpenSSH\;C:\Program Files\MATLAB\R2024b\bin;C:\Program Files\Git\cmd;C:\Users\mbokh\AppData\Local\Programs\Python\Python313\Scripts\;C:\Users\mbokh\AppData\Local\Programs\Python\Python313\;C:\Users\mbokh\AppData\Local\Microsoft\WindowsApps;
USERNAME=mbokh
OS=Windows_NT
PROCESSOR_IDENTIFIER=AMD64 Family 23 Model 96 Stepping 1, AuthenticAMD
TMP=C:\Users\mbokh\AppData\Local\Temp
TEMP=C:\Users\mbokh\AppData\Local\Temp




Periodic native trim disabled

JNI global refs:
JNI global refs: 11, weak refs: 2

JNI global refs memory usage: 835, weak refs: 833

Process memory usage:
Resident Set Size: 403204K (2% of 16119108K total physical memory with 1031748K free physical memory)

OOME stack traces (most recent first):
Classloader memory used:
Loader jdk.internal.loader.ClassLoaders$AppClassLoader                                 : 65573K
Loader bootstrap                                                                       : 11194K

---------------  S Y S T E M  ---------------

OS:
 Windows 11 , 64 bit Build 26100 (10.0.26100.5074)
OS uptime: 8 days 3:41 hours
Hyper-V role detected

CPU: total 12 (initial active 12) (12 cores per cpu, 2 threads per core) family 23 model 96 stepping 1 microcode 0x8600103, cx8, cmov, fxsr, ht, mmx, 3dnowpref, sse, sse2, sse3, ssse3, sse4a, sse4.1, sse4.2, popcnt, lzcnt, tsc, tscinvbit, avx, avx2, aes, clmul, bmi1, bmi2, adx, sha, fma, vzeroupper, clflush, clflushopt, hv, rdtscp, rdpid, f16c
Processor Information for the first 12 processors :
  Max Mhz: 3000, Current Mhz: 3000, Mhz Limit: 3000

Memory: 4k page, system-wide physical 15741M (1007M free)
TotalPageFile size 23933M (AvailPageFile size 0M)
current process WorkingSet (physical memory assigned to process): 393M, peak: 393M
current process commit charge ("private bytes"): 442M, peak: 444M

vm_info: OpenJDK 64-Bit Server VM (21.0.6+-13391695-b895.109) for windows-amd64 JRE (21.0.6+-13391695-b895.109), built on 2025-04-22T21:19:17Z by "builder" with MS VC++ 16.10 / 16.11 (VS2019)

END.
